[20240107 15:26:49.258] T-1, I : [Leaderboard] LeaderboardFetchWeeklyUserState Succeed
[20240107 15:26:49.259] T-1, I : [Leaderboard] SyncUpdate remainingTime: 0 weeklyState: USER_HAS_POINT_NO_REWARD
[20240107 15:29:56.342] T-1, I : [Leaderboard] LeaderboardFetchWeeklyUserState Succeed
[20240107 15:29:56.342] T-1, I : [Leaderboard] SyncUpdate remainingTime: 0 weeklyState: USER_HAS_POINT_NO_REWARD
[20240107 15:30:38.054] T-1, I : [Leaderboard] LeaderboardFetchWeeklyUserState Succeed
[20240107 15:30:38.055] T-1, I : [Leaderboard] SyncUpdate remainingTime: 0 weeklyState: USER_HAS_POINT_NO_REWARD
[20240107 15:30:48.491] T-1, I : [Leaderboard] LeaderboardSyncCommand Send-> Score:1008
[20240107 15:30:48.607] T-1, I : [Leaderboard] LeaderboardSyncCommand Succeed
[20240107 15:30:51.105] T-1, I : [Leaderboard] LeaderboardFetchWeeklyUserState Succeed
[20240107 15:30:51.105] T-1, I : [Leaderboard] SyncUpdate remainingTime: 0 weeklyState: USER_HAS_POINT_NO_REWARD
[20240107 15:59:21.820] T-1, I : [Leaderboard] LeaderboardFetchWeeklyUserState Succeed
[20240107 15:59:21.820] T-1, I : [Leaderboard] SyncUpdate remainingTime: 0 weeklyState: USER_HAS_POINT_NO_REWARD
[20240107 16:00:28.048] T-1, I : [Leaderboard] LeaderboardFetchWeeklyUserState Succeed
[20240107 16:00:28.049] T-1, I : [Leaderboard] SyncUpdate remainingTime: 0 weeklyState: USER_HAS_POINT_NO_REWARD
[20240107 16:22:00.788] T-1, I : [Leaderboard] LeaderboardFetchWeeklyUserState Succeed
[20240107 16:22:00.789] T-1, I : [Leaderboard] SyncUpdate remainingTime: 0 weeklyState: USER_HAS_POINT_NO_REWARD
[20240107 16:22:09.838] T-1, I : [Leaderboard] LeaderboardFetchWeeklyUserState Succeed
[20240107 16:22:09.838] T-1, I : [Leaderboard] SyncUpdate remainingTime: 0 weeklyState: USER_HAS_POINT_NO_REWARD
[20240107 16:25:39.840] T-1, I : [Leaderboard] LeaderboardFetchWeeklyUserState Succeed
[20240107 16:25:39.840] T-1, I : [Leaderboard] SyncUpdate remainingTime: 0 weeklyState: USER_HAS_POINT_NO_REWARD
[20240107 16:52:23.433] T-1, I : [Leaderboard] CanSyncEvent = false
[20240107 16:52:24.381] T-1, I : [Leaderboard] LeaderboardSyncCommand Send-> Score:1008
[20240107 16:52:24.505] T-1, I : [Leaderboard] LeaderboardSyncCommand Succeed
[20240107 16:52:26.674] T-1, I : [Leaderboard] LeaderboardFetchWeeklyUserState Succeed
[20240107 16:52:26.674] T-1, I : [Leaderboard] SyncUpdate remainingTime: 0 weeklyState: USER_HAS_POINT_NO_REWARD
[20240107 16:52:38.507] T-1, I : [Leaderboard] LeaderboardFetchWeeklyUserState Succeed
[20240107 16:52:38.507] T-1, I : [Leaderboard] SyncUpdate remainingTime: 0 weeklyState: USER_HAS_POINT_NO_REWARD
[20240107 16:52:39.897] T-1, I : [Leaderboard] LeaderboardFetchWeeklyUserState Succeed
[20240107 16:52:39.897] T-1, I : [Leaderboard] SyncUpdate remainingTime: 0 weeklyState: USER_HAS_POINT_NO_REWARD
[20240107 16:52:49.924] T-1, I : [Leaderboard] LeaderboardFetchWeeklyUserState Succeed
[20240107 16:52:49.924] T-1, I : [Leaderboard] SyncUpdate remainingTime: 0 weeklyState: USER_HAS_POINT_NO_REWARD
[20240107 16:52:59.941] T-1, I : [Leaderboard] LeaderboardFetchWeeklyUserState Succeed
[20240107 16:52:59.941] T-1, I : [Leaderboard] SyncUpdate remainingTime: 0 weeklyState: USER_HAS_POINT_NO_REWARD
[20240107 16:53:09.989] T-1, I : [Leaderboard] LeaderboardFetchWeeklyUserState Succeed
[20240107 16:53:09.989] T-1, I : [Leaderboard] SyncUpdate remainingTime: 0 weeklyState: USER_HAS_POINT_NO_REWARD
[20240107 16:53:19.974] T-1, I : [Leaderboard] LeaderboardFetchWeeklyUserState Succeed
[20240107 16:53:19.974] T-1, I : [Leaderboard] SyncUpdate remainingTime: 0 weeklyState: USER_HAS_POINT_NO_REWARD
[20240107 17:17:06.610] T-1, I : [Leaderboard] LeaderboardFetchWeeklyUserState Succeed
[20240107 17:17:06.611] T-1, I : [Leaderboard] SyncUpdate remainingTime: 0 weeklyState: USER_HAS_POINT_NO_REWARD
[20240107 17:17:16.074] T-1, I : [Leaderboard] LeaderboardFetchWeeklyUserState Succeed
[20240107 17:17:16.074] T-1, I : [Leaderboard] SyncUpdate remainingTime: 0 weeklyState: USER_HAS_POINT_NO_REWARD
[20240107 17:17:26.090] T-1, I : [Leaderboard] LeaderboardFetchWeeklyUserState Succeed
[20240107 17:17:26.090] T-1, I : [Leaderboard] SyncUpdate remainingTime: 0 weeklyState: USER_HAS_POINT_NO_REWARD
[20240107 17:17:36.122] T-1, I : [Leaderboard] LeaderboardFetchWeeklyUserState Succeed
[20240107 17:17:36.122] T-1, I : [Leaderboard] SyncUpdate remainingTime: 0 weeklyState: USER_HAS_POINT_NO_REWARD
[20240107 17:17:46.134] T-1, I : [Leaderboard] LeaderboardFetchWeeklyUserState Succeed
[20240107 17:17:46.135] T-1, I : [Leaderboard] SyncUpdate remainingTime: 0 weeklyState: USER_HAS_POINT_NO_REWARD
[20240107 17:17:56.137] T-1, I : [Leaderboard] LeaderboardFetchWeeklyUserState Succeed
[20240107 17:17:56.137] T-1, I : [Leaderboard] SyncUpdate remainingTime: 0 weeklyState: USER_HAS_POINT_NO_REWARD
[20240107 17:18:06.170] T-1, I : [Leaderboard] LeaderboardFetchWeeklyUserState Succeed
[20240107 17:18:06.170] T-1, I : [Leaderboard] SyncUpdate remainingTime: 0 weeklyState: USER_HAS_POINT_NO_REWARD
[20240107 17:18:16.169] T-1, I : [Leaderboard] LeaderboardFetchWeeklyUserState Succeed
[20240107 17:18:16.169] T-1, I : [Leaderboard] SyncUpdate remainingTime: 0 weeklyState: USER_HAS_POINT_NO_REWARD
[20240107 17:18:26.201] T-1, I : [Leaderboard] LeaderboardFetchWeeklyUserState Succeed
[20240107 17:18:26.201] T-1, I : [Leaderboard] SyncUpdate remainingTime: 0 weeklyState: USER_HAS_POINT_NO_REWARD
[20240107 17:18:36.211] T-1, I : [Leaderboard] LeaderboardFetchWeeklyUserState Succeed
[20240107 17:18:36.211] T-1, I : [Leaderboard] SyncUpdate remainingTime: 0 weeklyState: USER_HAS_POINT_NO_REWARD
[20240107 17:18:46.217] T-1, I : [Leaderboard] LeaderboardFetchWeeklyUserState Succeed
[20240107 17:18:46.217] T-1, I : [Leaderboard] SyncUpdate remainingTime: 0 weeklyState: USER_HAS_POINT_NO_REWARD
[20240107 17:18:56.233] T-1, I : [Leaderboard] LeaderboardFetchWeeklyUserState Succeed
[20240107 17:18:56.233] T-1, I : [Leaderboard] SyncUpdate remainingTime: 0 weeklyState: USER_HAS_POINT_NO_REWARD
[20240107 17:19:06.260] T-1, I : [Leaderboard] LeaderboardFetchWeeklyUserState Succeed
[20240107 17:19:06.260] T-1, I : [Leaderboard] SyncUpdate remainingTime: 0 weeklyState: USER_HAS_POINT_NO_REWARD
[20240107 17:19:42.444] T-1, I : [Leaderboard] LeaderboardFetchWeeklyUserState Succeed
[20240107 17:19:42.444] T-1, I : [Leaderboard] SyncUpdate remainingTime: 0 weeklyState: USER_HAS_POINT_NO_REWARD
[20240107 18:38:06.718] T-1, I : [Leaderboard] LeaderboardFetchWeeklyUserState Succeed
[20240107 18:38:06.719] T-1, I : [Leaderboard] SyncUpdate remainingTime: 0 weeklyState: USER_HAS_POINT_NO_REWARD
[20240107 18:42:24.249] T-1, I : [Leaderboard] LeaderboardFetchWeeklyUserState Succeed
[20240107 18:42:24.249] T-1, I : [Leaderboard] SyncUpdate remainingTime: 0 weeklyState: USER_HAS_POINT_NO_REWARD
[20240107 18:42:34.249] T-1, I : [Leaderboard] LeaderboardFetchWeeklyUserState Succeed
[20240107 18:42:34.249] T-1, I : [Leaderboard] SyncUpdate remainingTime: 0 weeklyState: USER_HAS_POINT_NO_REWARD
[20240107 18:42:44.281] T-1, I : [Leaderboard] LeaderboardFetchWeeklyUserState Succeed
[20240107 18:42:44.281] T-1, I : [Leaderboard] SyncUpdate remainingTime: 0 weeklyState: USER_HAS_POINT_NO_REWARD
[20240107 18:42:54.285] T-1, I : [Leaderboard] LeaderboardFetchWeeklyUserState Succeed
[20240107 18:42:54.285] T-1, I : [Leaderboard] SyncUpdate remainingTime: 0 weeklyState: USER_HAS_POINT_NO_REWARD
[20240107 18:43:04.296] T-1, I : [Leaderboard] LeaderboardFetchWeeklyUserState Succeed
[20240107 18:43:04.296] T-1, I : [Leaderboard] SyncUpdate remainingTime: 0 weeklyState: USER_HAS_POINT_NO_REWARD
[20240107 18:43:14.326] T-1, I : [Leaderboard] LeaderboardFetchWeeklyUserState Succeed
[20240107 18:43:14.326] T-1, I : [Leaderboard] SyncUpdate remainingTime: 0 weeklyState: USER_HAS_POINT_NO_REWARD
[20240107 18:43:24.312] T-1, I : [Leaderboard] LeaderboardFetchWeeklyUserState Succeed
[20240107 18:43:24.312] T-1, I : [Leaderboard] SyncUpdate remainingTime: 0 weeklyState: USER_HAS_POINT_NO_REWARD
[20240107 19:01:21.760] T-1, I : [Leaderboard] LeaderboardFetchWeeklyUserState Succeed
[20240107 19:01:21.760] T-1, I : [Leaderboard] SyncUpdate remainingTime: 0 weeklyState: USER_HAS_POINT_NO_REWARD
[20240107 19:04:27.286] T-1, I : [Leaderboard] LeaderboardFetchWeeklyUserState Succeed
[20240107 19:04:27.286] T-1, I : [Leaderboard] SyncUpdate remainingTime: 0 weeklyState: USER_HAS_POINT_NO_REWARD
[20240107 19:04:39.529] T-1, I : [Leaderboard] LeaderboardFetchWeeklyUserState Succeed
[20240107 19:04:39.529] T-1, I : [Leaderboard] SyncUpdate remainingTime: 0 weeklyState: USER_HAS_POINT_NO_REWARD
[20240107 19:04:49.545] T-1, I : [Leaderboard] LeaderboardFetchWeeklyUserState Succeed
[20240107 19:04:49.545] T-1, I : [Leaderboard] SyncUpdate remainingTime: 0 weeklyState: USER_HAS_POINT_NO_REWARD
[20240107 19:04:59.595] T-1, I : [Leaderboard] LeaderboardFetchWeeklyUserState Succeed
[20240107 19:04:59.595] T-1, I : [Leaderboard] SyncUpdate remainingTime: 0 weeklyState: USER_HAS_POINT_NO_REWARD
[20240107 19:05:09.594] T-1, I : [Leaderboard] LeaderboardFetchWeeklyUserState Succeed
[20240107 19:05:09.594] T-1, I : [Leaderboard] SyncUpdate remainingTime: 0 weeklyState: USER_HAS_POINT_NO_REWARD
[20240107 19:05:19.610] T-1, I : [Leaderboard] LeaderboardFetchWeeklyUserState Succeed
[20240107 19:05:19.610] T-1, I : [Leaderboard] SyncUpdate remainingTime: 0 weeklyState: USER_HAS_POINT_NO_REWARD
[20240107 19:05:29.630] T-1, I : [Leaderboard] LeaderboardFetchWeeklyUserState Succeed
[20240107 19:05:29.630] T-1, I : [Leaderboard] SyncUpdate remainingTime: 0 weeklyState: USER_HAS_POINT_NO_REWARD
[20240107 19:05:39.642] T-1, I : [Leaderboard] LeaderboardFetchWeeklyUserState Succeed
[20240107 19:05:39.642] T-1, I : [Leaderboard] SyncUpdate remainingTime: 0 weeklyState: USER_HAS_POINT_NO_REWARD
[20240107 19:05:49.657] T-1, I : [Leaderboard] LeaderboardFetchWeeklyUserState Succeed
[20240107 19:05:49.658] T-1, I : [Leaderboard] SyncUpdate remainingTime: 0 weeklyState: USER_HAS_POINT_NO_REWARD
[20240107 19:05:59.690] T-1, I : [Leaderboard] LeaderboardFetchWeeklyUserState Succeed
[20240107 19:05:59.690] T-1, I : [Leaderboard] SyncUpdate remainingTime: 0 weeklyState: USER_HAS_POINT_NO_REWARD
[20240107 19:06:09.690] T-1, I : [Leaderboard] LeaderboardFetchWeeklyUserState Succeed
[20240107 19:06:09.690] T-1, I : [Leaderboard] SyncUpdate remainingTime: 0 weeklyState: USER_HAS_POINT_NO_REWARD
[20240107 19:06:19.720] T-1, I : [Leaderboard] LeaderboardFetchWeeklyUserState Succeed
[20240107 19:06:19.720] T-1, I : [Leaderboard] SyncUpdate remainingTime: 0 weeklyState: USER_HAS_POINT_NO_REWARD
[20240107 19:06:29.721] T-1, I : [Leaderboard] LeaderboardFetchWeeklyUserState Succeed
[20240107 19:06:29.722] T-1, I : [Leaderboard] SyncUpdate remainingTime: 0 weeklyState: USER_HAS_POINT_NO_REWARD
[20240107 19:06:39.721] T-1, I : [Leaderboard] LeaderboardFetchWeeklyUserState Succeed
[20240107 19:06:39.721] T-1, I : [Leaderboard] SyncUpdate remainingTime: 0 weeklyState: USER_HAS_POINT_NO_REWARD
[20240107 19:38:30.265] T-1, I : [Leaderboard] LeaderboardFetchWeeklyUserState Succeed
[20240107 19:38:30.265] T-1, I : [Leaderboard] SyncUpdate remainingTime: 0 weeklyState: USER_HAS_POINT_NO_REWARD
[20240107 19:38:40.264] T-1, I : [Leaderboard] LeaderboardFetchWeeklyUserState Succeed
[20240107 19:38:40.265] T-1, I : [Leaderboard] SyncUpdate remainingTime: 0 weeklyState: USER_HAS_POINT_NO_REWARD
[20240107 19:38:50.297] T-1, I : [Leaderboard] LeaderboardFetchWeeklyUserState Succeed
[20240107 19:38:50.297] T-1, I : [Leaderboard] SyncUpdate remainingTime: 0 weeklyState: USER_HAS_POINT_NO_REWARD
[20240107 19:42:58.262] T-1, I : [Leaderboard] LeaderboardFetchWeeklyUserState Succeed
[20240107 19:42:58.262] T-1, I : [Leaderboard] SyncUpdate remainingTime: 0 weeklyState: USER_HAS_POINT_NO_REWARD
[20240107 19:45:41.733] T-1, I : [Leaderboard] LeaderboardFetchWeeklyUserState Succeed
[20240107 19:45:41.733] T-1, I : [Leaderboard] SyncUpdate remainingTime: 0 weeklyState: USER_HAS_POINT_NO_REWARD
[20240107 19:45:51.716] T-1, I : [Leaderboard] LeaderboardFetchWeeklyUserState Succeed
[20240107 19:45:51.716] T-1, I : [Leaderboard] SyncUpdate remainingTime: 0 weeklyState: USER_HAS_POINT_NO_REWARD
[20240107 19:48:44.703] T-1, I : [Leaderboard] LeaderboardFetchWeeklyUserState Succeed
[20240107 19:48:44.703] T-1, I : [Leaderboard] SyncUpdate remainingTime: 0 weeklyState: USER_HAS_POINT_NO_REWARD
[20240107 19:55:17.041] T-1, I : [Leaderboard] LeaderboardFetchWeeklyUserState Succeed
[20240107 19:55:17.041] T-1, I : [Leaderboard] SyncUpdate remainingTime: 0 weeklyState: USER_HAS_POINT_NO_REWARD
[20240107 19:55:27.041] T-1, I : [Leaderboard] LeaderboardFetchWeeklyUserState Succeed
[20240107 19:55:27.041] T-1, I : [Leaderboard] SyncUpdate remainingTime: 0 weeklyState: USER_HAS_POINT_NO_REWARD
[20240107 20:31:59.738] T-1, I : [Leaderboard] LeaderboardFetchWeeklyUserState Succeed
[20240107 20:31:59.738] T-1, I : [Leaderboard] SyncUpdate remainingTime: 0 weeklyState: USER_HAS_POINT_NO_REWARD
[20240108 06:47:01.064] T-1, I : [Leaderboard] LeaderboardFetchWeeklyUserState Succeed
[20240108 06:47:01.064] T-1, I : [Leaderboard] SyncUpdate remainingTime: 0 weeklyState: USER_HAS_POINT_NO_REWARD
[20240108 06:55:24.739] T-1, I : [Leaderboard] LeaderboardFetchWeeklyUserState Succeed
[20240108 06:55:24.739] T-1, I : [Leaderboard] SyncUpdate remainingTime: 0 weeklyState: USER_HAS_POINT_NO_REWARD
[20240108 07:00:38.373] T-1, I : [Leaderboard] LeaderboardFetchWeeklyUserState Succeed
[20240108 07:00:38.373] T-1, I : [Leaderboard] SyncUpdate remainingTime: 0 weeklyState: USER_HAS_POINT_NO_REWARD
[20240108 07:00:48.370] T-1, I : [Leaderboard] LeaderboardFetchWeeklyUserState Succeed
[20240108 07:00:48.370] T-1, I : [Leaderboard] SyncUpdate remainingTime: 0 weeklyState: USER_HAS_POINT_NO_REWARD
[20240108 07:00:58.400] T-1, I : [Leaderboard] LeaderboardFetchWeeklyUserState Succeed
[20240108 07:00:58.400] T-1, I : [Leaderboard] SyncUpdate remainingTime: 0 weeklyState: USER_HAS_POINT_NO_REWARD
[20240108 07:01:08.405] T-1, I : [Leaderboard] LeaderboardFetchWeeklyUserState Succeed
[20240108 07:01:08.405] T-1, I : [Leaderboard] SyncUpdate remainingTime: 0 weeklyState: USER_HAS_POINT_NO_REWARD
[20240108 07:01:18.438] T-1, I : [Leaderboard] LeaderboardFetchWeeklyUserState Succeed
[20240108 07:01:18.438] T-1, I : [Leaderboard] SyncUpdate remainingTime: 0 weeklyState: USER_HAS_POINT_NO_REWARD
[20240108 07:01:28.437] T-1, I : [Leaderboard] LeaderboardFetchWeeklyUserState Succeed
[20240108 07:01:28.437] T-1, I : [Leaderboard] SyncUpdate remainingTime: 0 weeklyState: USER_HAS_POINT_NO_REWARD
[20240108 07:01:38.420] T-1, I : [Leaderboard] LeaderboardFetchWeeklyUserState Succeed
[20240108 07:01:38.420] T-1, I : [Leaderboard] SyncUpdate remainingTime: 0 weeklyState: USER_HAS_POINT_NO_REWARD
[20240108 14:04:07.252] T-1, I : [Leaderboard] LeaderboardFetchWeeklyUserState Succeed
[20240108 14:04:07.252] T-1, I : [Leaderboard] SyncUpdate remainingTime: 0 weeklyState: USER_HAS_POINT_NO_REWARD
[20240108 14:06:10.707] T-1, I : [Leaderboard] LeaderboardFetchWeeklyUserState Succeed
[20240108 14:06:10.707] T-1, I : [Leaderboard] SyncUpdate remainingTime: 0 weeklyState: USER_HAS_POINT_NO_REWARD
[20240108 14:13:28.009] T-1, I : [Leaderboard] LeaderboardFetchWeeklyUserState Succeed
[20240108 14:13:28.009] T-1, I : [Leaderboard] SyncUpdate remainingTime: 0 weeklyState: USER_HAS_POINT_NO_REWARD
[20240108 14:14:46.319] T-1, I : [Leaderboard] LeaderboardFetchWeeklyUserState Succeed
[20240108 14:14:46.319] T-1, I : [Leaderboard] SyncUpdate remainingTime: 0 weeklyState: USER_HAS_POINT_NO_REWARD
[20240108 14:48:46.588] T-1, I : [Leaderboard] LeaderboardFetchWeeklyUserState Succeed
[20240108 14:48:46.588] T-1, I : [Leaderboard] SyncUpdate remainingTime: 0 weeklyState: USER_HAS_POINT_NO_REWARD
[20240108 14:51:09.055] T-1, I : [Leaderboard] LeaderboardFetchWeeklyUserState Succeed
[20240108 14:51:09.055] T-1, I : [Leaderboard] SyncUpdate remainingTime: 0 weeklyState: USER_HAS_POINT_NO_REWARD
[20240108 14:53:30.483] T-1, I : [Leaderboard] LeaderboardFetchWeeklyUserState Succeed
[20240108 14:53:30.483] T-1, I : [Leaderboard] SyncUpdate remainingTime: 0 weeklyState: USER_HAS_POINT_NO_REWARD
[20240108 14:55:48.289] T-1, I : [Leaderboard] LeaderboardFetchWeeklyUserState Succeed
[20240108 14:55:48.289] T-1, I : [Leaderboard] SyncUpdate remainingTime: 0 weeklyState: USER_HAS_POINT_NO_REWARD
[20240108 14:56:02.905] T-1, I : [Leaderboard] LeaderboardFetchWeeklyUserState Succeed
[20240108 14:56:02.905] T-1, I : [Leaderboard] SyncUpdate remainingTime: 0 weeklyState: USER_HAS_POINT_NO_REWARD
[20240108 15:22:50.683] T-1, I : [Leaderboard] LeaderboardFetchWeeklyUserState Succeed
[20240108 15:22:50.683] T-1, I : [Leaderboard] SyncUpdate remainingTime: 0 weeklyState: USER_HAS_POINT_NO_REWARD
[20240108 15:25:46.250] T-1, I : [Leaderboard] LeaderboardFetchWeeklyUserState Succeed
[20240108 15:25:46.250] T-1, I : [Leaderboard] SyncUpdate remainingTime: 0 weeklyState: USER_HAS_POINT_NO_REWARD
[20240108 15:31:36.406] T-1, I : [Leaderboard] LeaderboardFetchWeeklyUserState Succeed
[20240108 15:31:36.407] T-1, I : [Leaderboard] SyncUpdate remainingTime: 0 weeklyState: USER_HAS_POINT_NO_REWARD
[20240108 15:33:40.313] T-1, I : [Leaderboard] LeaderboardFetchWeeklyUserState Succeed
[20240108 15:33:40.313] T-1, I : [Leaderboard] SyncUpdate remainingTime: 0 weeklyState: USER_HAS_POINT_NO_REWARD
[20240108 15:35:49.176] T-1, I : [Leaderboard] LeaderboardFetchWeeklyUserState Succeed
[20240108 15:35:49.176] T-1, I : [Leaderboard] SyncUpdate remainingTime: 0 weeklyState: USER_HAS_POINT_NO_REWARD
[20240108 15:36:01.486] T-1, I : [Leaderboard] LeaderboardFetchWeeklyUserState Succeed
[20240108 15:36:01.486] T-1, I : [Leaderboard] SyncUpdate remainingTime: 0 weeklyState: USER_HAS_POINT_NO_REWARD
[20240108 15:36:11.527] T-1, I : [Leaderboard] LeaderboardFetchWeeklyUserState Succeed
[20240108 15:36:11.527] T-1, I : [Leaderboard] SyncUpdate remainingTime: 0 weeklyState: USER_HAS_POINT_NO_REWARD
[20240108 15:36:18.189] T-1, I : [Leaderboard] LeaderboardSyncCommand Send-> Score:1009
[20240108 15:36:18.318] T-1, I : [Leaderboard] LeaderboardSyncCommand Succeed
[20240108 15:36:21.587] T-1, I : [Leaderboard] LeaderboardFetchWeeklyUserState Succeed
[20240108 15:36:21.587] T-1, I : [Leaderboard] SyncUpdate remainingTime: 0 weeklyState: USER_HAS_POINT_NO_REWARD
[20240108 15:37:22.997] T-1, I : [Leaderboard] LeaderboardFetchWeeklyUserState Succeed
[20240108 15:37:22.997] T-1, I : [Leaderboard] SyncUpdate remainingTime: 0 weeklyState: USER_HAS_POINT_NO_REWARD
[20240108 16:32:01.961] T-1, I : [Leaderboard] CanSyncEvent = false
[20240108 16:32:02.979] T-1, I : [Leaderboard] LeaderboardSyncCommand Send-> Score:1009
[20240108 16:32:03.105] T-1, I : [Leaderboard] LeaderboardSyncCommand Succeed
[20240108 16:32:08.700] T-1, I : [Leaderboard] LeaderboardFetchWeeklyUserState Succeed
[20240108 16:32:08.701] T-1, I : [Leaderboard] SyncUpdate remainingTime: 0 weeklyState: USER_HAS_POINT_NO_REWARD
[20240108 16:32:17.074] T-1, I : [Leaderboard] LeaderboardFetchWeeklyUserState Succeed
[20240108 16:32:17.074] T-1, I : [Leaderboard] SyncUpdate remainingTime: 0 weeklyState: USER_HAS_POINT_NO_REWARD
[20240108 16:32:20.307] T-1, I : [Leaderboard] LeaderboardFetchWeeklyUserState Succeed
[20240108 16:32:20.308] T-1, I : [Leaderboard] SyncUpdate remainingTime: 0 weeklyState: USER_HAS_POINT_NO_REWARD
[20240108 16:32:30.359] T-1, I : [Leaderboard] LeaderboardFetchWeeklyUserState Succeed
[20240108 16:32:30.360] T-1, I : [Leaderboard] SyncUpdate remainingTime: 0 weeklyState: USER_HAS_POINT_NO_REWARD
[20240108 16:32:40.357] T-1, I : [Leaderboard] LeaderboardFetchWeeklyUserState Succeed
[20240108 16:32:40.357] T-1, I : [Leaderboard] SyncUpdate remainingTime: 0 weeklyState: USER_HAS_POINT_NO_REWARD
[20240108 16:32:50.373] T-1, I : [Leaderboard] LeaderboardFetchWeeklyUserState Succeed
[20240108 16:32:50.374] T-1, I : [Leaderboard] SyncUpdate remainingTime: 0 weeklyState: USER_HAS_POINT_NO_REWARD
[20240108 16:33:00.438] T-1, I : [Leaderboard] LeaderboardFetchWeeklyUserState Succeed
[20240108 16:33:00.438] T-1, I : [Leaderboard] SyncUpdate remainingTime: 0 weeklyState: USER_HAS_POINT_NO_REWARD
[20240108 16:33:10.387] T-1, I : [Leaderboard] LeaderboardFetchWeeklyUserState Succeed
[20240108 16:33:10.387] T-1, I : [Leaderboard] SyncUpdate remainingTime: 0 weeklyState: USER_HAS_POINT_NO_REWARD
[20240108 16:33:20.427] T-1, I : [Leaderboard] LeaderboardFetchWeeklyUserState Succeed
[20240108 16:33:20.427] T-1, I : [Leaderboard] SyncUpdate remainingTime: 0 weeklyState: USER_HAS_POINT_NO_REWARD
[20240108 16:33:30.419] T-1, I : [Leaderboard] LeaderboardFetchWeeklyUserState Succeed
[20240108 16:33:30.420] T-1, I : [Leaderboard] SyncUpdate remainingTime: 0 weeklyState: USER_HAS_POINT_NO_REWARD
[20240108 16:33:40.434] T-1, I : [Leaderboard] LeaderboardFetchWeeklyUserState Succeed
[20240108 16:33:40.435] T-1, I : [Leaderboard] SyncUpdate remainingTime: 0 weeklyState: USER_HAS_POINT_NO_REWARD
[20240108 16:33:50.514] T-1, I : [Leaderboard] LeaderboardFetchWeeklyUserState Succeed
[20240108 16:33:50.514] T-1, I : [Leaderboard] SyncUpdate remainingTime: 0 weeklyState: USER_HAS_POINT_NO_REWARD
[20240108 16:34:00.573] T-1, I : [Leaderboard] LeaderboardFetchWeeklyUserState Succeed
[20240108 16:34:00.574] T-1, I : [Leaderboard] SyncUpdate remainingTime: 0 weeklyState: USER_HAS_POINT_NO_REWARD
[20240108 17:18:29.758] T-1, I : [Leaderboard] LeaderboardFetchWeeklyUserState Succeed
[20240108 17:18:29.758] T-1, I : [Leaderboard] SyncUpdate remainingTime: 0 weeklyState: USER_HAS_POINT_NO_REWARD
[20240108 17:18:39.724] T-1, I : [Leaderboard] LeaderboardFetchWeeklyUserState Succeed
[20240108 17:18:39.725] T-1, I : [Leaderboard] SyncUpdate remainingTime: 0 weeklyState: USER_HAS_POINT_NO_REWARD
[20240108 17:19:53.964] T-1, I : [Leaderboard] LeaderboardFetchWeeklyUserState Succeed
[20240108 17:19:53.964] T-1, I : [Leaderboard] SyncUpdate remainingTime: 0 weeklyState: USER_HAS_POINT_NO_REWARD
[20240108 17:19:57.723] T-1, I : [Leaderboard] LeaderboardSyncCommand Send-> Score:1018
[20240108 17:19:57.832] T-1, I : [Leaderboard] LeaderboardSyncCommand Succeed
[20240108 17:20:03.980] T-1, I : [Leaderboard] LeaderboardFetchWeeklyUserState Succeed
[20240108 17:20:03.980] T-1, I : [Leaderboard] SyncUpdate remainingTime: 0 weeklyState: USER_HAS_POINT_NO_REWARD
[20240108 17:20:14.001] T-1, I : [Leaderboard] LeaderboardFetchWeeklyUserState Succeed
[20240108 17:20:14.001] T-1, I : [Leaderboard] SyncUpdate remainingTime: 0 weeklyState: USER_HAS_POINT_NO_REWARD
[20240108 17:20:24.021] T-1, I : [Leaderboard] LeaderboardFetchWeeklyUserState Succeed
[20240108 17:20:24.021] T-1, I : [Leaderboard] SyncUpdate remainingTime: 0 weeklyState: USER_HAS_POINT_NO_REWARD
[20240108 17:20:34.030] T-1, I : [Leaderboard] LeaderboardFetchWeeklyUserState Succeed
[20240108 17:20:34.030] T-1, I : [Leaderboard] SyncUpdate remainingTime: 0 weeklyState: USER_HAS_POINT_NO_REWARD
[20240108 17:21:40.254] T-1, I : [Leaderboard] LeaderboardFetchWeeklyUserState Succeed
[20240108 17:21:40.254] T-1, I : [Leaderboard] SyncUpdate remainingTime: 0 weeklyState: USER_HAS_POINT_NO_REWARD
[20240108 17:23:17.763] T-1, I : [Leaderboard] LeaderboardFetchWeeklyUserState Succeed
[20240108 17:23:17.763] T-1, I : [Leaderboard] SyncUpdate remainingTime: 0 weeklyState: USER_HAS_POINT_NO_REWARD
[20240108 17:23:27.772] T-1, I : [Leaderboard] LeaderboardFetchWeeklyUserState Succeed
[20240108 17:23:27.773] T-1, I : [Leaderboard] SyncUpdate remainingTime: 0 weeklyState: USER_HAS_POINT_NO_REWARD
[20240108 17:23:37.769] T-1, I : [Leaderboard] LeaderboardFetchWeeklyUserState Succeed
[20240108 17:23:37.769] T-1, I : [Leaderboard] SyncUpdate remainingTime: 0 weeklyState: USER_HAS_POINT_NO_REWARD
[20240108 17:43:22.688] T-1, I : [Leaderboard] LeaderboardFetchWeeklyUserState Succeed
[20240108 17:43:22.688] T-1, I : [Leaderboard] SyncUpdate remainingTime: 0 weeklyState: USER_HAS_POINT_NO_REWARD
[20240108 17:45:20.842] T-1, I : [Leaderboard] LeaderboardFetchWeeklyUserState Succeed
[20240108 17:45:20.842] T-1, I : [Leaderboard] SyncUpdate remainingTime: 0 weeklyState: USER_HAS_POINT_NO_REWARD
[20240108 17:45:30.811] T-1, I : [Leaderboard] LeaderboardFetchWeeklyUserState Succeed
[20240108 17:45:30.811] T-1, I : [Leaderboard] SyncUpdate remainingTime: 0 weeklyState: USER_HAS_POINT_NO_REWARD
[20240108 17:45:40.850] T-1, I : [Leaderboard] LeaderboardFetchWeeklyUserState Succeed
[20240108 17:45:40.850] T-1, I : [Leaderboard] SyncUpdate remainingTime: 0 weeklyState: USER_HAS_POINT_NO_REWARD
[20240108 17:45:50.863] T-1, I : [Leaderboard] LeaderboardFetchWeeklyUserState Succeed
[20240108 17:45:50.863] T-1, I : [Leaderboard] SyncUpdate remainingTime: 0 weeklyState: USER_HAS_POINT_NO_REWARD
[20240108 17:46:00.881] T-1, I : [Leaderboard] LeaderboardFetchWeeklyUserState Succeed
[20240108 17:46:00.881] T-1, I : [Leaderboard] SyncUpdate remainingTime: 0 weeklyState: USER_HAS_POINT_NO_REWARD
[20240108 17:46:10.908] T-1, I : [Leaderboard] LeaderboardFetchWeeklyUserState Succeed
[20240108 17:46:10.909] T-1, I : [Leaderboard] SyncUpdate remainingTime: 0 weeklyState: USER_HAS_POINT_NO_REWARD
[20240108 17:46:20.894] T-1, I : [Leaderboard] LeaderboardFetchWeeklyUserState Succeed
[20240108 17:46:20.894] T-1, I : [Leaderboard] SyncUpdate remainingTime: 0 weeklyState: USER_HAS_POINT_NO_REWARD
[20240108 17:46:30.927] T-1, I : [Leaderboard] LeaderboardFetchWeeklyUserState Succeed
[20240108 17:46:30.928] T-1, I : [Leaderboard] SyncUpdate remainingTime: 0 weeklyState: USER_HAS_POINT_NO_REWARD
[20240108 17:46:40.948] T-1, I : [Leaderboard] LeaderboardFetchWeeklyUserState Succeed
[20240108 17:46:40.948] T-1, I : [Leaderboard] SyncUpdate remainingTime: 0 weeklyState: USER_HAS_POINT_NO_REWARD
[20240108 17:46:50.953] T-1, I : [Leaderboard] LeaderboardFetchWeeklyUserState Succeed
[20240108 17:46:50.953] T-1, I : [Leaderboard] SyncUpdate remainingTime: 0 weeklyState: USER_HAS_POINT_NO_REWARD
[20240108 17:47:00.977] T-1, I : [Leaderboard] LeaderboardFetchWeeklyUserState Succeed
[20240108 17:47:00.978] T-1, I : [Leaderboard] SyncUpdate remainingTime: 0 weeklyState: USER_HAS_POINT_NO_REWARD
[20240108 17:47:11.002] T-1, I : [Leaderboard] LeaderboardFetchWeeklyUserState Succeed
[20240108 17:47:11.002] T-1, I : [Leaderboard] SyncUpdate remainingTime: 0 weeklyState: USER_HAS_POINT_NO_REWARD
[20240108 17:47:21.004] T-1, I : [Leaderboard] LeaderboardFetchWeeklyUserState Succeed
[20240108 17:47:21.004] T-1, I : [Leaderboard] SyncUpdate remainingTime: 0 weeklyState: USER_HAS_POINT_NO_REWARD
[20240108 17:47:31.030] T-1, I : [Leaderboard] LeaderboardFetchWeeklyUserState Succeed
[20240108 17:47:31.030] T-1, I : [Leaderboard] SyncUpdate remainingTime: 0 weeklyState: USER_HAS_POINT_NO_REWARD
[20240108 17:47:41.049] T-1, I : [Leaderboard] LeaderboardFetchWeeklyUserState Succeed
[20240108 17:47:41.049] T-1, I : [Leaderboard] SyncUpdate remainingTime: 0 weeklyState: USER_HAS_POINT_NO_REWARD
[20240108 17:47:51.057] T-1, I : [Leaderboard] LeaderboardFetchWeeklyUserState Succeed
[20240108 17:47:51.057] T-1, I : [Leaderboard] SyncUpdate remainingTime: 0 weeklyState: USER_HAS_POINT_NO_REWARD
[20240108 18:24:43.034] T-1, I : [Leaderboard] LeaderboardFetchWeeklyUserState Succeed
[20240108 18:24:43.034] T-1, I : [Leaderboard] SyncUpdate remainingTime: 0 weeklyState: USER_HAS_POINT_NO_REWARD
[20240108 18:26:15.076] T-1, I : [Leaderboard] LeaderboardFetchWeeklyUserState Succeed
[20240108 18:26:15.076] T-1, I : [Leaderboard] SyncUpdate remainingTime: 0 weeklyState: USER_HAS_POINT_NO_REWARD
[20240108 18:26:25.023] T-1, I : [Leaderboard] LeaderboardFetchWeeklyUserState Succeed
[20240108 18:26:25.024] T-1, I : [Leaderboard] SyncUpdate remainingTime: 0 weeklyState: USER_HAS_POINT_NO_REWARD
[20240108 18:26:35.086] T-1, I : [Leaderboard] LeaderboardFetchWeeklyUserState Succeed
[20240108 18:26:35.087] T-1, I : [Leaderboard] SyncUpdate remainingTime: 0 weeklyState: USER_HAS_POINT_NO_REWARD
[20240108 18:26:45.072] T-1, I : [Leaderboard] LeaderboardFetchWeeklyUserState Succeed
[20240108 18:26:45.072] T-1, I : [Leaderboard] SyncUpdate remainingTime: 0 weeklyState: USER_HAS_POINT_NO_REWARD
[20240108 18:26:55.121] T-1, I : [Leaderboard] LeaderboardFetchWeeklyUserState Succeed
[20240108 18:26:55.121] T-1, I : [Leaderboard] SyncUpdate remainingTime: 0 weeklyState: USER_HAS_POINT_NO_REWARD
[20240108 18:27:05.105] T-1, I : [Leaderboard] LeaderboardFetchWeeklyUserState Succeed
[20240108 18:27:05.106] T-1, I : [Leaderboard] SyncUpdate remainingTime: 0 weeklyState: USER_HAS_POINT_NO_REWARD
[20240108 18:27:15.123] T-1, I : [Leaderboard] LeaderboardFetchWeeklyUserState Succeed
[20240108 18:27:15.123] T-1, I : [Leaderboard] SyncUpdate remainingTime: 0 weeklyState: USER_HAS_POINT_NO_REWARD
[20240108 18:27:25.486] T-1, I : [Leaderboard] LeaderboardFetchWeeklyUserState Succeed
[20240108 18:27:25.487] T-1, I : [Leaderboard] SyncUpdate remainingTime: 0 weeklyState: USER_HAS_POINT_NO_REWARD
[20240108 18:27:35.136] T-1, I : [Leaderboard] LeaderboardFetchWeeklyUserState Succeed
[20240108 18:27:35.137] T-1, I : [Leaderboard] SyncUpdate remainingTime: 0 weeklyState: USER_HAS_POINT_NO_REWARD
[20240108 19:12:23.583] T-1, I : [Leaderboard] LeaderboardFetchWeeklyUserState Succeed
[20240108 19:12:23.584] T-1, I : [Leaderboard] SyncUpdate remainingTime: 0 weeklyState: USER_HAS_POINT_NO_REWARD
[20240108 19:14:02.121] T-1, I : [Leaderboard] LeaderboardFetchWeeklyUserState Succeed
[20240108 19:14:02.121] T-1, I : [Leaderboard] SyncUpdate remainingTime: 0 weeklyState: USER_HAS_POINT_NO_REWARD
[20240108 19:14:12.008] T-1, I : [Leaderboard] LeaderboardFetchWeeklyUserState Succeed
[20240108 19:14:12.008] T-1, I : [Leaderboard] SyncUpdate remainingTime: 0 weeklyState: USER_HAS_POINT_NO_REWARD
[20240108 19:14:22.063] T-1, I : [Leaderboard] LeaderboardFetchWeeklyUserState Succeed
[20240108 19:14:22.063] T-1, I : [Leaderboard] SyncUpdate remainingTime: 0 weeklyState: USER_HAS_POINT_NO_REWARD
[20240108 19:14:32.035] T-1, I : [Leaderboard] LeaderboardFetchWeeklyUserState Succeed
[20240108 19:14:32.035] T-1, I : [Leaderboard] SyncUpdate remainingTime: 0 weeklyState: USER_HAS_POINT_NO_REWARD
[20240108 19:14:32.507] T-1, I : [Leaderboard] icon clicked
[20240108 19:14:32.508] T-1, I : [Leaderboard][Analytics]  LeaderboardClick: townId: 35, level: 2165, from: main_screen, guid: 33574765-ae79-4955-87c0-786f62866712, remainingTime: 0
[20240108 19:14:32.995] T-1, I : [Leaderboard] Start
[20240108 19:14:32.996] T-1, I : [Leaderboard] Tab changed to Weekly
[20240108 19:14:32.996] T-1, I : [Leaderboard][Analytics]  WeeklyWinnersOpen: townId: 35, level: 2165, guid: 24d4c053-c430-4b7a-8ff9-2dbc3548af7f, remainingTime: 0, rank: 0
[20240108 19:14:32.997] T-1, I : [Leaderboard] Clearing adapter items
[20240108 19:14:32.997] T-1, I : [Leaderboard] LeaderboardFetchCommand Weekly Send
[20240108 19:14:32.997] T-1, I : [Leaderboard] LeaderboardSyncCommand Send-> Score:1018
[20240108 19:14:33.122] T-1, I : [Leaderboard] LeaderboardFetchWeeklyUserState Succeed
[20240108 19:14:33.122] T-1, I : [Leaderboard] SyncUpdate remainingTime: 0 weeklyState: USER_HAS_POINT_NO_REWARD
[20240108 19:14:33.123] T-1, I : [Leaderboard] LeaderboardSyncCommand Succeed
[20240108 19:14:33.230] T-1, I : [Leaderboard] LeaderboardFetchCommand Weekly Succeed 
[20240108 19:14:33.239] T-1, I : [Leaderboard] UpdateUserDataList for WeeklyLeaderboardModel
[20240108 19:14:33.239] T-1, I : [Leaderboard] Leaderboard model fetched
[20240108 19:14:33.240] T-1, I : [Leaderboard] InitScrollView
[20240108 19:14:33.240] T-1, I : [Leaderboard] Leaderboard fetch took 243 ms
[20240108 19:14:33.240] T-1, I : [Leaderboard] UpdateScrollView
[20240108 19:14:33.241] T-1, I : [Leaderboard] update adapter padding, isWeekly: True
[20240108 19:14:33.256] T-1, I : [Leaderboard][Analytics]  TopPlayersOpen: townId: 35, level: 2165, guid: 6796e6af-303e-4a86-ae1f-3f814d156f9c, remainingTime: 0, rank: 0
[20240108 19:14:33.261] T-1, I : [Leaderboard] update adapter padding, isWeekly: True
[20240108 19:14:46.408] T-1, I : [Leaderboard] LeaderboardFetchWeeklyUserState Succeed
[20240108 19:14:46.408] T-1, I : [Leaderboard] SyncUpdate remainingTime: 0 weeklyState: USER_HAS_POINT_NO_REWARD
[20240108 19:14:56.410] T-1, I : [Leaderboard] LeaderboardFetchWeeklyUserState Succeed
[20240108 19:14:56.410] T-1, I : [Leaderboard] SyncUpdate remainingTime: 0 weeklyState: USER_HAS_POINT_NO_REWARD
[20240108 19:15:06.454] T-1, I : [Leaderboard] LeaderboardFetchWeeklyUserState Succeed
[20240108 19:15:06.454] T-1, I : [Leaderboard] SyncUpdate remainingTime: 0 weeklyState: USER_HAS_POINT_NO_REWARD
[20240108 19:15:16.421] T-1, I : [Leaderboard] LeaderboardFetchWeeklyUserState Succeed
[20240108 19:15:16.422] T-1, I : [Leaderboard] SyncUpdate remainingTime: 0 weeklyState: USER_HAS_POINT_NO_REWARD
[20240108 19:47:01.250] T-1, I : [Leaderboard] LeaderboardFetchWeeklyUserState Succeed
[20240108 19:47:01.250] T-1, I : [Leaderboard] SyncUpdate remainingTime: 0 weeklyState: USER_HAS_POINT_NO_REWARD
[20240108 19:47:11.200] T-1, I : [Leaderboard] LeaderboardFetchWeeklyUserState Succeed
[20240108 19:47:11.201] T-1, I : [Leaderboard] SyncUpdate remainingTime: 0 weeklyState: USER_HAS_POINT_NO_REWARD
[20240108 19:47:21.233] T-1, I : [Leaderboard] LeaderboardFetchWeeklyUserState Succeed
[20240108 19:47:21.233] T-1, I : [Leaderboard] SyncUpdate remainingTime: 0 weeklyState: USER_HAS_POINT_NO_REWARD
[20240108 19:47:31.275] T-1, I : [Leaderboard] LeaderboardFetchWeeklyUserState Succeed
[20240108 19:47:31.275] T-1, I : [Leaderboard] SyncUpdate remainingTime: 0 weeklyState: USER_HAS_POINT_NO_REWARD
[20240108 19:47:41.273] T-1, I : [Leaderboard] LeaderboardFetchWeeklyUserState Succeed
[20240108 19:47:41.273] T-1, I : [Leaderboard] SyncUpdate remainingTime: 0 weeklyState: USER_HAS_POINT_NO_REWARD
[20240108 20:07:57.545] T-1, I : [Leaderboard] LeaderboardFetchWeeklyUserState Succeed
[20240108 20:07:57.546] T-1, I : [Leaderboard] SyncUpdate remainingTime: 0 weeklyState: USER_HAS_POINT_NO_REWARD
[20240108 20:08:07.470] T-1, I : [Leaderboard] LeaderboardFetchWeeklyUserState Succeed
[20240108 20:08:07.470] T-1, I : [Leaderboard] SyncUpdate remainingTime: 0 weeklyState: USER_HAS_POINT_NO_REWARD
[20240108 20:08:17.460] T-1, I : [Leaderboard] LeaderboardFetchWeeklyUserState Succeed
[20240108 20:08:17.460] T-1, I : [Leaderboard] SyncUpdate remainingTime: 0 weeklyState: USER_HAS_POINT_NO_REWARD
[20240108 20:24:18.071] T-1, I : [Leaderboard] LeaderboardFetchWeeklyUserState Succeed
[20240108 20:24:18.071] T-1, I : [Leaderboard] SyncUpdate remainingTime: 0 weeklyState: USER_HAS_POINT_NO_REWARD
[20240108 20:24:21.755] T-1, I : [Leaderboard] icon clicked
[20240108 20:24:21.756] T-1, I : [Leaderboard][Analytics]  LeaderboardClick: townId: 35, level: 2165, from: main_screen, guid: 0ad9259f-86f1-456d-b66e-fc42bb9be011, remainingTime: 0
[20240108 20:24:22.223] T-1, I : [Leaderboard] Start
[20240108 20:24:22.224] T-1, I : [Leaderboard] Tab changed to Weekly
[20240108 20:24:22.224] T-1, I : [Leaderboard][Analytics]  WeeklyWinnersOpen: townId: 35, level: 2165, guid: ee8956fc-84c5-489d-83b6-dad0e98250c9, remainingTime: 0, rank: 169083
[20240108 20:24:22.224] T-1, I : [Leaderboard] Clearing adapter items
[20240108 20:24:22.225] T-1, I : [Leaderboard] LeaderboardFetchCommand Weekly Send
[20240108 20:24:22.225] T-1, I : [Leaderboard] LeaderboardSyncCommand Send-> Score:1018
[20240108 20:24:22.337] T-1, I : [Leaderboard] LeaderboardSyncCommand Succeed
[20240108 20:24:22.338] T-1, I : [Leaderboard] LeaderboardFetchWeeklyUserState Succeed
[20240108 20:24:22.338] T-1, I : [Leaderboard] SyncUpdate remainingTime: 0 weeklyState: USER_HAS_POINT_NO_REWARD
[20240108 20:24:22.444] T-1, I : [Leaderboard] LeaderboardFetchCommand Weekly Succeed 
[20240108 20:24:22.448] T-1, I : [Leaderboard] UpdateUserDataList for WeeklyLeaderboardModel
[20240108 20:24:22.449] T-1, I : [Leaderboard] Leaderboard model fetched
[20240108 20:24:22.449] T-1, I : [Leaderboard] InitScrollView
[20240108 20:24:22.449] T-1, I : [Leaderboard] Leaderboard fetch took 224 ms
[20240108 20:24:22.450] T-1, I : [Leaderboard] UpdateScrollView
[20240108 20:24:22.450] T-1, I : [Leaderboard] update adapter padding, isWeekly: True
[20240108 20:24:22.467] T-1, I : [Leaderboard][Analytics]  TopPlayersOpen: townId: 35, level: 2165, guid: d41cd95b-a304-4d02-a09b-b3a73420f766, remainingTime: 0, rank: 0
[20240108 20:24:22.475] T-1, I : [Leaderboard] update adapter padding, isWeekly: True
[20240108 20:24:32.487] T-1, I : [Leaderboard] LeaderboardFetchWeeklyUserState Succeed
[20240108 20:24:32.487] T-1, I : [Leaderboard] SyncUpdate remainingTime: 0 weeklyState: USER_HAS_POINT_NO_REWARD
[20240108 20:24:42.503] T-1, I : [Leaderboard] LeaderboardFetchWeeklyUserState Succeed
[20240108 20:24:42.503] T-1, I : [Leaderboard] SyncUpdate remainingTime: 0 weeklyState: USER_HAS_POINT_NO_REWARD
[20240108 20:24:56.417] T-1, I : [Leaderboard] LeaderboardFetchWeeklyUserState Succeed
[20240108 20:24:56.418] T-1, I : [Leaderboard] SyncUpdate remainingTime: 0 weeklyState: USER_HAS_POINT_NO_REWARD
[20240108 20:25:06.384] T-1, I : [Leaderboard] LeaderboardFetchWeeklyUserState Succeed
[20240108 20:25:06.384] T-1, I : [Leaderboard] SyncUpdate remainingTime: 0 weeklyState: USER_HAS_POINT_NO_REWARD
[20240108 20:25:16.420] T-1, I : [Leaderboard] LeaderboardFetchWeeklyUserState Succeed
[20240108 20:25:16.420] T-1, I : [Leaderboard] SyncUpdate remainingTime: 0 weeklyState: USER_HAS_POINT_NO_REWARD
[20240108 20:25:26.475] T-1, I : [Leaderboard] LeaderboardFetchWeeklyUserState Succeed
[20240108 20:25:26.475] T-1, I : [Leaderboard] SyncUpdate remainingTime: 0 weeklyState: USER_HAS_POINT_NO_REWARD
[20240108 20:25:36.431] T-1, I : [Leaderboard] LeaderboardFetchWeeklyUserState Succeed
[20240108 20:25:36.432] T-1, I : [Leaderboard] SyncUpdate remainingTime: 0 weeklyState: USER_HAS_POINT_NO_REWARD
[20240108 20:25:46.487] T-1, I : [Leaderboard] LeaderboardFetchWeeklyUserState Succeed
[20240108 20:25:46.487] T-1, I : [Leaderboard] SyncUpdate remainingTime: 0 weeklyState: USER_HAS_POINT_NO_REWARD
[20240108 20:25:56.509] T-1, I : [Leaderboard] LeaderboardFetchWeeklyUserState Succeed
[20240108 20:25:56.509] T-1, I : [Leaderboard] SyncUpdate remainingTime: 0 weeklyState: USER_HAS_POINT_NO_REWARD
[20240108 20:26:06.514] T-1, I : [Leaderboard] LeaderboardFetchWeeklyUserState Succeed
[20240108 20:26:06.514] T-1, I : [Leaderboard] SyncUpdate remainingTime: 0 weeklyState: USER_HAS_POINT_NO_REWARD
[20240108 20:26:16.542] T-1, I : [Leaderboard] LeaderboardFetchWeeklyUserState Succeed
[20240108 20:26:16.543] T-1, I : [Leaderboard] SyncUpdate remainingTime: 0 weeklyState: USER_HAS_POINT_NO_REWARD
[20240108 20:26:26.528] T-1, I : [Leaderboard] LeaderboardFetchWeeklyUserState Succeed
[20240108 20:26:26.528] T-1, I : [Leaderboard] SyncUpdate remainingTime: 0 weeklyState: USER_HAS_POINT_NO_REWARD
[20240108 20:26:36.586] T-1, I : [Leaderboard] LeaderboardFetchWeeklyUserState Succeed
[20240108 20:26:36.586] T-1, I : [Leaderboard] SyncUpdate remainingTime: 0 weeklyState: USER_HAS_POINT_NO_REWARD
[20240108 20:26:46.559] T-1, I : [Leaderboard] LeaderboardFetchWeeklyUserState Succeed
[20240108 20:26:46.560] T-1, I : [Leaderboard] SyncUpdate remainingTime: 0 weeklyState: USER_HAS_POINT_NO_REWARD
[20240108 20:26:56.596] T-1, I : [Leaderboard] LeaderboardFetchWeeklyUserState Succeed
[20240108 20:26:56.596] T-1, I : [Leaderboard] SyncUpdate remainingTime: 0 weeklyState: USER_HAS_POINT_NO_REWARD
[20240108 20:27:06.608] T-1, I : [Leaderboard] LeaderboardFetchWeeklyUserState Succeed
[20240108 20:27:06.608] T-1, I : [Leaderboard] SyncUpdate remainingTime: 0 weeklyState: USER_HAS_POINT_NO_REWARD
[20240108 20:27:16.655] T-1, I : [Leaderboard] LeaderboardFetchWeeklyUserState Succeed
[20240108 20:27:16.655] T-1, I : [Leaderboard] SyncUpdate remainingTime: 0 weeklyState: USER_HAS_POINT_NO_REWARD
[20240108 20:27:26.623] T-1, I : [Leaderboard] LeaderboardFetchWeeklyUserState Succeed
[20240108 20:27:26.623] T-1, I : [Leaderboard] SyncUpdate remainingTime: 0 weeklyState: USER_HAS_POINT_NO_REWARD
[20240108 20:27:36.667] T-1, I : [Leaderboard] LeaderboardFetchWeeklyUserState Succeed
[20240108 20:27:36.668] T-1, I : [Leaderboard] SyncUpdate remainingTime: 0 weeklyState: USER_HAS_POINT_NO_REWARD
[20240108 20:27:46.672] T-1, I : [Leaderboard] LeaderboardFetchWeeklyUserState Succeed
[20240108 20:27:46.672] T-1, I : [Leaderboard] SyncUpdate remainingTime: 0 weeklyState: USER_HAS_POINT_NO_REWARD
[20240108 20:27:56.670] T-1, I : [Leaderboard] LeaderboardFetchWeeklyUserState Succeed
[20240108 20:27:56.671] T-1, I : [Leaderboard] SyncUpdate remainingTime: 0 weeklyState: USER_HAS_POINT_NO_REWARD
[20240108 20:28:06.686] T-1, I : [Leaderboard] LeaderboardFetchWeeklyUserState Succeed
[20240108 20:28:06.686] T-1, I : [Leaderboard] SyncUpdate remainingTime: 0 weeklyState: USER_HAS_POINT_NO_REWARD
[20240108 20:28:16.732] T-1, I : [Leaderboard] LeaderboardFetchWeeklyUserState Succeed
[20240108 20:28:16.732] T-1, I : [Leaderboard] SyncUpdate remainingTime: 0 weeklyState: USER_HAS_POINT_NO_REWARD
[20240108 20:28:26.702] T-1, I : [Leaderboard] LeaderboardFetchWeeklyUserState Succeed
[20240108 20:28:26.703] T-1, I : [Leaderboard] SyncUpdate remainingTime: 0 weeklyState: USER_HAS_POINT_NO_REWARD
[20240108 20:28:36.735] T-1, I : [Leaderboard] LeaderboardFetchWeeklyUserState Succeed
[20240108 20:28:36.736] T-1, I : [Leaderboard] SyncUpdate remainingTime: 0 weeklyState: USER_HAS_POINT_NO_REWARD
[20240108 20:28:46.750] T-1, I : [Leaderboard] LeaderboardFetchWeeklyUserState Succeed
[20240108 20:28:46.750] T-1, I : [Leaderboard] SyncUpdate remainingTime: 0 weeklyState: USER_HAS_POINT_NO_REWARD
[20240108 20:28:56.766] T-1, I : [Leaderboard] LeaderboardFetchWeeklyUserState Succeed
[20240108 20:28:56.766] T-1, I : [Leaderboard] SyncUpdate remainingTime: 0 weeklyState: USER_HAS_POINT_NO_REWARD
[20240108 20:29:06.782] T-1, I : [Leaderboard] LeaderboardFetchWeeklyUserState Succeed
[20240108 20:29:06.782] T-1, I : [Leaderboard] SyncUpdate remainingTime: 0 weeklyState: USER_HAS_POINT_NO_REWARD
[20240108 20:29:16.798] T-1, I : [Leaderboard] LeaderboardFetchWeeklyUserState Succeed
[20240108 20:29:16.799] T-1, I : [Leaderboard] SyncUpdate remainingTime: 0 weeklyState: USER_HAS_POINT_NO_REWARD
[20240108 20:29:26.842] T-1, I : [Leaderboard] LeaderboardFetchWeeklyUserState Succeed
[20240108 20:29:26.843] T-1, I : [Leaderboard] SyncUpdate remainingTime: 0 weeklyState: USER_HAS_POINT_NO_REWARD
[20240108 20:29:36.855] T-1, I : [Leaderboard] LeaderboardFetchWeeklyUserState Succeed
[20240108 20:29:36.855] T-1, I : [Leaderboard] SyncUpdate remainingTime: 0 weeklyState: USER_HAS_POINT_NO_REWARD
[20240108 20:29:46.870] T-1, I : [Leaderboard] LeaderboardFetchWeeklyUserState Succeed
[20240108 20:29:46.870] T-1, I : [Leaderboard] SyncUpdate remainingTime: 0 weeklyState: USER_HAS_POINT_NO_REWARD
[20240108 20:29:56.861] T-1, I : [Leaderboard] LeaderboardFetchWeeklyUserState Succeed
[20240108 20:29:56.861] T-1, I : [Leaderboard] SyncUpdate remainingTime: 0 weeklyState: USER_HAS_POINT_NO_REWARD
[20240108 20:30:06.860] T-1, I : [Leaderboard] LeaderboardFetchWeeklyUserState Succeed
[20240108 20:30:06.861] T-1, I : [Leaderboard] SyncUpdate remainingTime: 0 weeklyState: USER_HAS_POINT_NO_REWARD
[20240108 20:30:16.893] T-1, I : [Leaderboard] LeaderboardFetchWeeklyUserState Succeed
[20240108 20:30:16.893] T-1, I : [Leaderboard] SyncUpdate remainingTime: 0 weeklyState: USER_HAS_POINT_NO_REWARD
[20240108 20:30:26.909] T-1, I : [Leaderboard] LeaderboardFetchWeeklyUserState Succeed
[20240108 20:30:26.909] T-1, I : [Leaderboard] SyncUpdate remainingTime: 0 weeklyState: USER_HAS_POINT_NO_REWARD
[20240108 20:30:36.945] T-1, I : [Leaderboard] LeaderboardFetchWeeklyUserState Succeed
[20240108 20:30:36.945] T-1, I : [Leaderboard] SyncUpdate remainingTime: 0 weeklyState: USER_HAS_POINT_NO_REWARD
[20240108 20:30:46.941] T-1, I : [Leaderboard] LeaderboardFetchWeeklyUserState Succeed
[20240108 20:30:46.941] T-1, I : [Leaderboard] SyncUpdate remainingTime: 0 weeklyState: USER_HAS_POINT_NO_REWARD
[20240108 20:30:56.956] T-1, I : [Leaderboard] LeaderboardFetchWeeklyUserState Succeed
[20240108 20:30:56.957] T-1, I : [Leaderboard] SyncUpdate remainingTime: 0 weeklyState: USER_HAS_POINT_NO_REWARD
[20240108 20:31:06.956] T-1, I : [Leaderboard] LeaderboardFetchWeeklyUserState Succeed
[20240108 20:31:06.956] T-1, I : [Leaderboard] SyncUpdate remainingTime: 0 weeklyState: USER_HAS_POINT_NO_REWARD
[20240108 20:31:17.016] T-1, I : [Leaderboard] LeaderboardFetchWeeklyUserState Succeed
[20240108 20:31:17.016] T-1, I : [Leaderboard] SyncUpdate remainingTime: 0 weeklyState: USER_HAS_POINT_NO_REWARD
[20240108 20:31:27.027] T-1, I : [Leaderboard] LeaderboardFetchWeeklyUserState Succeed
[20240108 20:31:27.027] T-1, I : [Leaderboard] SyncUpdate remainingTime: 0 weeklyState: USER_HAS_POINT_NO_REWARD
[20240108 20:31:37.040] T-1, I : [Leaderboard] LeaderboardFetchWeeklyUserState Succeed
[20240108 20:31:37.040] T-1, I : [Leaderboard] SyncUpdate remainingTime: 0 weeklyState: USER_HAS_POINT_NO_REWARD
[20240108 20:31:47.037] T-1, I : [Leaderboard] LeaderboardFetchWeeklyUserState Succeed
[20240108 20:31:47.037] T-1, I : [Leaderboard] SyncUpdate remainingTime: 0 weeklyState: USER_HAS_POINT_NO_REWARD
[20240108 20:31:57.052] T-1, I : [Leaderboard] LeaderboardFetchWeeklyUserState Succeed
[20240108 20:31:57.052] T-1, I : [Leaderboard] SyncUpdate remainingTime: 0 weeklyState: USER_HAS_POINT_NO_REWARD
[20240108 20:32:07.093] T-1, I : [Leaderboard] LeaderboardFetchWeeklyUserState Succeed
[20240108 20:32:07.094] T-1, I : [Leaderboard] SyncUpdate remainingTime: 0 weeklyState: USER_HAS_POINT_NO_REWARD
[20240108 20:32:17.077] T-1, I : [Leaderboard] LeaderboardFetchWeeklyUserState Succeed
[20240108 20:32:17.077] T-1, I : [Leaderboard] SyncUpdate remainingTime: 0 weeklyState: USER_HAS_POINT_NO_REWARD
[20240108 20:32:27.095] T-1, I : [Leaderboard] LeaderboardFetchWeeklyUserState Succeed
[20240108 20:32:27.095] T-1, I : [Leaderboard] SyncUpdate remainingTime: 0 weeklyState: USER_HAS_POINT_NO_REWARD
[20240108 20:32:37.099] T-1, I : [Leaderboard] LeaderboardFetchWeeklyUserState Succeed
[20240108 20:32:37.099] T-1, I : [Leaderboard] SyncUpdate remainingTime: 0 weeklyState: USER_HAS_POINT_NO_REWARD
[20240108 20:32:47.114] T-1, I : [Leaderboard] LeaderboardFetchWeeklyUserState Succeed
[20240108 20:32:47.114] T-1, I : [Leaderboard] SyncUpdate remainingTime: 0 weeklyState: USER_HAS_POINT_NO_REWARD
[20240108 20:32:57.170] T-1, I : [Leaderboard] LeaderboardFetchWeeklyUserState Succeed
[20240108 20:32:57.170] T-1, I : [Leaderboard] SyncUpdate remainingTime: 0 weeklyState: USER_HAS_POINT_NO_REWARD
[20240108 20:33:07.163] T-1, I : [Leaderboard] LeaderboardFetchWeeklyUserState Succeed
[20240108 20:33:07.164] T-1, I : [Leaderboard] SyncUpdate remainingTime: 0 weeklyState: USER_HAS_POINT_NO_REWARD
[20240108 20:33:17.180] T-1, I : [Leaderboard] LeaderboardFetchWeeklyUserState Succeed
[20240108 20:33:17.180] T-1, I : [Leaderboard] SyncUpdate remainingTime: 0 weeklyState: USER_HAS_POINT_NO_REWARD
[20240108 20:33:27.195] T-1, I : [Leaderboard] LeaderboardFetchWeeklyUserState Succeed
[20240108 20:33:27.195] T-1, I : [Leaderboard] SyncUpdate remainingTime: 0 weeklyState: USER_HAS_POINT_NO_REWARD
[20240108 20:33:37.242] T-1, I : [Leaderboard] LeaderboardFetchWeeklyUserState Succeed
[20240108 20:33:37.242] T-1, I : [Leaderboard] SyncUpdate remainingTime: 0 weeklyState: USER_HAS_POINT_NO_REWARD
[20240108 20:33:47.252] T-1, I : [Leaderboard] LeaderboardFetchWeeklyUserState Succeed
[20240108 20:33:47.252] T-1, I : [Leaderboard] SyncUpdate remainingTime: 0 weeklyState: USER_HAS_POINT_NO_REWARD
[20240108 20:33:57.560] T-1, I : [Leaderboard] LeaderboardFetchWeeklyUserState Succeed
[20240108 20:33:57.561] T-1, I : [Leaderboard] SyncUpdate remainingTime: 0 weeklyState: USER_HAS_POINT_NO_REWARD
[20240108 20:34:07.259] T-1, I : [Leaderboard] LeaderboardFetchWeeklyUserState Succeed
[20240108 20:34:07.259] T-1, I : [Leaderboard] SyncUpdate remainingTime: 0 weeklyState: USER_HAS_POINT_NO_REWARD
[20240108 20:34:17.274] T-1, I : [Leaderboard] LeaderboardFetchWeeklyUserState Succeed
[20240108 20:34:17.274] T-1, I : [Leaderboard] SyncUpdate remainingTime: 0 weeklyState: USER_HAS_POINT_NO_REWARD
[20240108 20:34:27.321] T-1, I : [Leaderboard] LeaderboardFetchWeeklyUserState Succeed
[20240108 20:34:27.321] T-1, I : [Leaderboard] SyncUpdate remainingTime: 0 weeklyState: USER_HAS_POINT_NO_REWARD
[20240108 20:34:37.314] T-1, I : [Leaderboard] LeaderboardFetchWeeklyUserState Succeed
[20240108 20:34:37.315] T-1, I : [Leaderboard] SyncUpdate remainingTime: 0 weeklyState: USER_HAS_POINT_NO_REWARD
[20240108 20:34:47.322] T-1, I : [Leaderboard] LeaderboardFetchWeeklyUserState Succeed
[20240108 20:34:47.322] T-1, I : [Leaderboard] SyncUpdate remainingTime: 0 weeklyState: USER_HAS_POINT_NO_REWARD
[20240108 20:34:57.369] T-1, I : [Leaderboard] LeaderboardFetchWeeklyUserState Succeed
[20240108 20:34:57.369] T-1, I : [Leaderboard] SyncUpdate remainingTime: 0 weeklyState: USER_HAS_POINT_NO_REWARD
[20240108 20:35:07.480] T-1, I : [Leaderboard] LeaderboardFetchWeeklyUserState Succeed
[20240108 20:35:07.480] T-1, I : [Leaderboard] SyncUpdate remainingTime: 0 weeklyState: USER_HAS_POINT_NO_REWARD
[20240108 20:35:17.369] T-1, I : [Leaderboard] LeaderboardFetchWeeklyUserState Succeed
[20240108 20:35:17.370] T-1, I : [Leaderboard] SyncUpdate remainingTime: 0 weeklyState: USER_HAS_POINT_NO_REWARD
[20240108 20:35:27.386] T-1, I : [Leaderboard] LeaderboardFetchWeeklyUserState Succeed
[20240108 20:35:27.386] T-1, I : [Leaderboard] SyncUpdate remainingTime: 0 weeklyState: USER_HAS_POINT_NO_REWARD
[20240108 20:35:37.386] T-1, I : [Leaderboard] LeaderboardFetchWeeklyUserState Succeed
[20240108 20:35:37.386] T-1, I : [Leaderboard] SyncUpdate remainingTime: 0 weeklyState: USER_HAS_POINT_NO_REWARD
[20240108 20:35:47.450] T-1, I : [Leaderboard] LeaderboardFetchWeeklyUserState Succeed
[20240108 20:35:47.451] T-1, I : [Leaderboard] SyncUpdate remainingTime: 0 weeklyState: USER_HAS_POINT_NO_REWARD
[20240108 20:35:57.459] T-1, I : [Leaderboard] LeaderboardFetchWeeklyUserState Succeed
[20240108 20:35:57.460] T-1, I : [Leaderboard] SyncUpdate remainingTime: 0 weeklyState: USER_HAS_POINT_NO_REWARD
[20240108 20:36:07.491] T-1, I : [Leaderboard] LeaderboardFetchWeeklyUserState Succeed
[20240108 20:36:07.492] T-1, I : [Leaderboard] SyncUpdate remainingTime: 0 weeklyState: USER_HAS_POINT_NO_REWARD
[20240108 20:36:17.495] T-1, I : [Leaderboard] LeaderboardFetchWeeklyUserState Succeed
[20240108 20:36:17.495] T-1, I : [Leaderboard] SyncUpdate remainingTime: 0 weeklyState: USER_HAS_POINT_NO_REWARD
[20240108 20:36:27.464] T-1, I : [Leaderboard] LeaderboardFetchWeeklyUserState Succeed
[20240108 20:36:27.465] T-1, I : [Leaderboard] SyncUpdate remainingTime: 0 weeklyState: USER_HAS_POINT_NO_REWARD
[20240108 20:36:37.497] T-1, I : [Leaderboard] LeaderboardFetchWeeklyUserState Succeed
[20240108 20:36:37.498] T-1, I : [Leaderboard] SyncUpdate remainingTime: 0 weeklyState: USER_HAS_POINT_NO_REWARD
[20240108 20:36:47.513] T-1, I : [Leaderboard] LeaderboardFetchWeeklyUserState Succeed
[20240108 20:36:47.514] T-1, I : [Leaderboard] SyncUpdate remainingTime: 0 weeklyState: USER_HAS_POINT_NO_REWARD
[20240108 20:36:57.555] T-1, I : [Leaderboard] LeaderboardFetchWeeklyUserState Succeed
[20240108 20:36:57.555] T-1, I : [Leaderboard] SyncUpdate remainingTime: 0 weeklyState: USER_HAS_POINT_NO_REWARD
[20240108 20:37:49.310] T-1, I : [Leaderboard] LeaderboardFetchWeeklyUserState Succeed
[20240108 20:37:49.311] T-1, I : [Leaderboard] SyncUpdate remainingTime: 0 weeklyState: USER_HAS_POINT_NO_REWARD
[20240108 20:37:59.275] T-1, I : [Leaderboard] LeaderboardFetchWeeklyUserState Succeed
[20240108 20:37:59.275] T-1, I : [Leaderboard] SyncUpdate remainingTime: 0 weeklyState: USER_HAS_POINT_NO_REWARD
[20240108 20:38:09.310] T-1, I : [Leaderboard] LeaderboardFetchWeeklyUserState Succeed
[20240108 20:38:09.310] T-1, I : [Leaderboard] SyncUpdate remainingTime: 0 weeklyState: USER_HAS_POINT_NO_REWARD
[20240108 20:38:19.347] T-1, I : [Leaderboard] LeaderboardFetchWeeklyUserState Succeed
[20240108 20:38:19.347] T-1, I : [Leaderboard] SyncUpdate remainingTime: 0 weeklyState: USER_HAS_POINT_NO_REWARD
[20240108 20:38:29.323] T-1, I : [Leaderboard] LeaderboardFetchWeeklyUserState Succeed
[20240108 20:38:29.323] T-1, I : [Leaderboard] SyncUpdate remainingTime: 0 weeklyState: USER_HAS_POINT_NO_REWARD
[20240108 20:38:39.354] T-1, I : [Leaderboard] LeaderboardFetchWeeklyUserState Succeed
[20240108 20:38:39.354] T-1, I : [Leaderboard] SyncUpdate remainingTime: 0 weeklyState: USER_HAS_POINT_NO_REWARD
[20240108 20:56:30.029] T-1, I : [Leaderboard] LeaderboardFetchWeeklyUserState Succeed
[20240108 20:56:30.029] T-1, I : [Leaderboard] SyncUpdate remainingTime: 0 weeklyState: USER_HAS_POINT_NO_REWARD
[20240108 21:16:22.604] T-1, I : [Leaderboard] LeaderboardFetchWeeklyUserState Succeed
[20240108 21:16:22.604] T-1, I : [Leaderboard] SyncUpdate remainingTime: 0 weeklyState: USER_HAS_POINT_NO_REWARD
[20240108 21:16:32.570] T-1, I : [Leaderboard] LeaderboardFetchWeeklyUserState Succeed
[20240108 21:16:32.571] T-1, I : [Leaderboard] SyncUpdate remainingTime: 0 weeklyState: USER_HAS_POINT_NO_REWARD
[20240108 21:16:42.628] T-1, I : [Leaderboard] LeaderboardFetchWeeklyUserState Succeed
[20240108 21:16:42.628] T-1, I : [Leaderboard] SyncUpdate remainingTime: 0 weeklyState: USER_HAS_POINT_NO_REWARD
[20240108 21:16:52.618] T-1, I : [Leaderboard] LeaderboardFetchWeeklyUserState Succeed
[20240108 21:16:52.619] T-1, I : [Leaderboard] SyncUpdate remainingTime: 0 weeklyState: USER_HAS_POINT_NO_REWARD
[20240108 22:00:39.666] T-1, I : [Leaderboard] LeaderboardFetchWeeklyUserState Succeed
[20240108 22:00:39.667] T-1, I : [Leaderboard] SyncUpdate remainingTime: 0 weeklyState: USER_HAS_POINT_NO_REWARD
[20240108 22:01:40.664] T-1, I : [Leaderboard] LeaderboardFetchWeeklyUserState Succeed
[20240108 22:01:40.664] T-1, I : [Leaderboard] SyncUpdate remainingTime: 0 weeklyState: USER_HAS_POINT_NO_REWARD
[20240108 22:01:50.647] T-1, I : [Leaderboard] LeaderboardFetchWeeklyUserState Succeed
[20240108 22:01:50.648] T-1, I : [Leaderboard] SyncUpdate remainingTime: 0 weeklyState: USER_HAS_POINT_NO_REWARD
[20240108 22:02:00.646] T-1, I : [Leaderboard] LeaderboardFetchWeeklyUserState Succeed
[20240108 22:02:00.647] T-1, I : [Leaderboard] SyncUpdate remainingTime: 0 weeklyState: USER_HAS_POINT_NO_REWARD
[20240108 22:02:10.628] T-1, I : [Leaderboard] LeaderboardFetchWeeklyUserState Succeed
[20240108 22:02:10.628] T-1, I : [Leaderboard] SyncUpdate remainingTime: 0 weeklyState: USER_HAS_POINT_NO_REWARD
[20240108 22:02:27.187] T-1, I : [Leaderboard] LeaderboardFetchWeeklyUserState Succeed
[20240108 22:02:27.188] T-1, I : [Leaderboard] SyncUpdate remainingTime: 0 weeklyState: USER_HAS_POINT_NO_REWARD
[20240108 22:02:37.128] T-1, I : [Leaderboard] LeaderboardFetchWeeklyUserState Succeed
[20240108 22:02:37.129] T-1, I : [Leaderboard] SyncUpdate remainingTime: 0 weeklyState: USER_HAS_POINT_NO_REWARD
[20240108 22:02:47.183] T-1, I : [Leaderboard] LeaderboardFetchWeeklyUserState Succeed
[20240108 22:02:47.183] T-1, I : [Leaderboard] SyncUpdate remainingTime: 0 weeklyState: USER_HAS_POINT_NO_REWARD
[20240108 22:02:57.159] T-1, I : [Leaderboard] LeaderboardFetchWeeklyUserState Succeed
[20240108 22:02:57.159] T-1, I : [Leaderboard] SyncUpdate remainingTime: 0 weeklyState: USER_HAS_POINT_NO_REWARD
[20240108 22:03:07.218] T-1, I : [Leaderboard] LeaderboardFetchWeeklyUserState Succeed
[20240108 22:03:07.218] T-1, I : [Leaderboard] SyncUpdate remainingTime: 0 weeklyState: USER_HAS_POINT_NO_REWARD
[20240108 22:03:17.212] T-1, I : [Leaderboard] LeaderboardFetchWeeklyUserState Succeed
[20240108 22:03:17.212] T-1, I : [Leaderboard] SyncUpdate remainingTime: 0 weeklyState: USER_HAS_POINT_NO_REWARD
[20240108 22:03:27.235] T-1, I : [Leaderboard] LeaderboardFetchWeeklyUserState Succeed
[20240108 22:03:27.235] T-1, I : [Leaderboard] SyncUpdate remainingTime: 0 weeklyState: USER_HAS_POINT_NO_REWARD
[20240108 22:03:37.246] T-1, I : [Leaderboard] LeaderboardFetchWeeklyUserState Succeed
[20240108 22:03:37.246] T-1, I : [Leaderboard] SyncUpdate remainingTime: 0 weeklyState: USER_HAS_POINT_NO_REWARD
[20240108 22:03:47.239] T-1, I : [Leaderboard] LeaderboardFetchWeeklyUserState Succeed
[20240108 22:03:47.239] T-1, I : [Leaderboard] SyncUpdate remainingTime: 0 weeklyState: USER_HAS_POINT_NO_REWARD
[20240108 22:03:57.272] T-1, I : [Leaderboard] LeaderboardFetchWeeklyUserState Succeed
[20240108 22:03:57.273] T-1, I : [Leaderboard] SyncUpdate remainingTime: 0 weeklyState: USER_HAS_POINT_NO_REWARD
[20240108 22:04:07.271] T-1, I : [Leaderboard] LeaderboardFetchWeeklyUserState Succeed
[20240108 22:04:07.271] T-1, I : [Leaderboard] SyncUpdate remainingTime: 0 weeklyState: USER_HAS_POINT_NO_REWARD
[20240108 22:04:17.287] T-1, I : [Leaderboard] LeaderboardFetchWeeklyUserState Succeed
[20240108 22:04:17.287] T-1, I : [Leaderboard] SyncUpdate remainingTime: 0 weeklyState: USER_HAS_POINT_NO_REWARD
[20240108 22:04:27.346] T-1, I : [Leaderboard] LeaderboardFetchWeeklyUserState Succeed
[20240108 22:04:27.347] T-1, I : [Leaderboard] SyncUpdate remainingTime: 0 weeklyState: USER_HAS_POINT_NO_REWARD
[20240108 22:04:37.320] T-1, I : [Leaderboard] LeaderboardFetchWeeklyUserState Succeed
[20240108 22:04:37.320] T-1, I : [Leaderboard] SyncUpdate remainingTime: 0 weeklyState: USER_HAS_POINT_NO_REWARD
[20240108 22:04:47.334] T-1, I : [Leaderboard] LeaderboardFetchWeeklyUserState Succeed
[20240108 22:04:47.334] T-1, I : [Leaderboard] SyncUpdate remainingTime: 0 weeklyState: USER_HAS_POINT_NO_REWARD
[20240108 22:04:57.368] T-1, I : [Leaderboard] LeaderboardFetchWeeklyUserState Succeed
[20240108 22:04:57.368] T-1, I : [Leaderboard] SyncUpdate remainingTime: 0 weeklyState: USER_HAS_POINT_NO_REWARD
[20240108 22:05:07.366] T-1, I : [Leaderboard] LeaderboardFetchWeeklyUserState Succeed
[20240108 22:05:07.367] T-1, I : [Leaderboard] SyncUpdate remainingTime: 0 weeklyState: USER_HAS_POINT_NO_REWARD
[20240108 22:05:17.382] T-1, I : [Leaderboard] LeaderboardFetchWeeklyUserState Succeed
[20240108 22:05:17.382] T-1, I : [Leaderboard] SyncUpdate remainingTime: 0 weeklyState: USER_HAS_POINT_NO_REWARD
[20240108 22:05:27.415] T-1, I : [Leaderboard] LeaderboardFetchWeeklyUserState Succeed
[20240108 22:05:27.415] T-1, I : [Leaderboard] SyncUpdate remainingTime: 0 weeklyState: USER_HAS_POINT_NO_REWARD
[20240108 22:05:37.437] T-1, I : [Leaderboard] LeaderboardFetchWeeklyUserState Succeed
[20240108 22:05:37.437] T-1, I : [Leaderboard] SyncUpdate remainingTime: 0 weeklyState: USER_HAS_POINT_NO_REWARD
[20240108 22:05:47.450] T-1, I : [Leaderboard] LeaderboardFetchWeeklyUserState Succeed
[20240108 22:05:47.450] T-1, I : [Leaderboard] SyncUpdate remainingTime: 0 weeklyState: USER_HAS_POINT_NO_REWARD
[20240108 22:05:57.445] T-1, I : [Leaderboard] LeaderboardFetchWeeklyUserState Succeed
[20240108 22:05:57.446] T-1, I : [Leaderboard] SyncUpdate remainingTime: 0 weeklyState: USER_HAS_POINT_NO_REWARD
[20240108 22:06:07.462] T-1, I : [Leaderboard] LeaderboardFetchWeeklyUserState Succeed
[20240108 22:06:07.462] T-1, I : [Leaderboard] SyncUpdate remainingTime: 0 weeklyState: USER_HAS_POINT_NO_REWARD
[20240108 22:06:17.478] T-1, I : [Leaderboard] LeaderboardFetchWeeklyUserState Succeed
[20240108 22:06:17.478] T-1, I : [Leaderboard] SyncUpdate remainingTime: 0 weeklyState: USER_HAS_POINT_NO_REWARD
[20240108 22:06:27.519] T-1, I : [Leaderboard] LeaderboardFetchWeeklyUserState Succeed
[20240108 22:06:27.519] T-1, I : [Leaderboard] SyncUpdate remainingTime: 0 weeklyState: USER_HAS_POINT_NO_REWARD
[20240108 22:06:37.531] T-1, I : [Leaderboard] LeaderboardFetchWeeklyUserState Succeed
[20240108 22:06:37.531] T-1, I : [Leaderboard] SyncUpdate remainingTime: 0 weeklyState: USER_HAS_POINT_NO_REWARD
[20240108 22:06:47.526] T-1, I : [Leaderboard] LeaderboardFetchWeeklyUserState Succeed
[20240108 22:06:47.526] T-1, I : [Leaderboard] SyncUpdate remainingTime: 0 weeklyState: USER_HAS_POINT_NO_REWARD
[20240108 22:06:57.542] T-1, I : [Leaderboard] LeaderboardFetchWeeklyUserState Succeed
[20240108 22:06:57.542] T-1, I : [Leaderboard] SyncUpdate remainingTime: 0 weeklyState: USER_HAS_POINT_NO_REWARD
[20240108 22:07:07.541] T-1, I : [Leaderboard] LeaderboardFetchWeeklyUserState Succeed
[20240108 22:07:07.542] T-1, I : [Leaderboard] SyncUpdate remainingTime: 0 weeklyState: USER_HAS_POINT_NO_REWARD
[20240108 22:07:17.558] T-1, I : [Leaderboard] LeaderboardFetchWeeklyUserState Succeed
[20240108 22:07:17.558] T-1, I : [Leaderboard] SyncUpdate remainingTime: 0 weeklyState: USER_HAS_POINT_NO_REWARD